<?xml version="1.0" encoding="UTF-8"?>
<robot generator="Robot 4.1.1 (Python 3.9.2 on win32)" generated="20210916 16:05:22.356" rpa="false" schemaversion="2">
<suite id="s1" name="Sampletest" source="D:\LearnPlatform\automation-with-python\robot\sampletest.robot">
<test id="s1-t1" name="Google Search">
<kw name="Setup Browser" type="SETUP">
<kw name="Create Webdriver" library="SeleniumLibrary">
<arg>Chrome</arg>
<arg>executable_path=./chromedriver.exe</arg>
<doc>Creates an instance of Selenium WebDriver.</doc>
<msg timestamp="20210916 16:05:22.554" level="INFO">Creating an instance of the Chrome WebDriver.</msg>
<status status="PASS" starttime="20210916 16:05:22.553" endtime="20210916 16:05:23.778"/>
</kw>
<kw name="Go To" library="SeleniumLibrary">
<arg>${APP URL}</arg>
<doc>Navigates the current browser window to the provided ``url``.</doc>
<msg timestamp="20210916 16:05:23.779" level="INFO">Opening url 'https://google.com'</msg>
<status status="PASS" starttime="20210916 16:05:23.779" endtime="20210916 16:05:26.104"/>
</kw>
<kw name="Maximize Browser Window" library="SeleniumLibrary">
<doc>Maximizes current browser window.</doc>
<status status="PASS" starttime="20210916 16:05:26.104" endtime="20210916 16:05:26.233"/>
</kw>
<status status="PASS" starttime="20210916 16:05:22.553" endtime="20210916 16:05:26.233"/>
</kw>
<kw name="Input Text" library="SeleniumLibrary">
<arg>name:q</arg>
<arg>${SEARCH STRING}</arg>
<doc>Types the given ``text`` into the text field identified by ``locator``.</doc>
<msg timestamp="20210916 16:05:26.234" level="INFO">Typing text 'Selenium with python' into text field 'name:q'.</msg>
<status status="PASS" starttime="20210916 16:05:26.234" endtime="20210916 16:05:26.347"/>
</kw>
<kw name="Submit Form" library="SeleniumLibrary">
<doc>Submits a form identified by ``locator``.</doc>
<msg timestamp="20210916 16:05:26.348" level="INFO">Submitting form 'None'.</msg>
<status status="PASS" starttime="20210916 16:05:26.348" endtime="20210916 16:05:28.023"/>
</kw>
<kw name="Get Element Attribute" library="SeleniumLibrary">
<var>${ACTUAL_SEARCH}</var>
<arg>name:q</arg>
<arg>value</arg>
<doc>Returns the value of ``attribute`` from the element ``locator``.</doc>
<msg timestamp="20210916 16:05:28.035" level="INFO">${ACTUAL_SEARCH} = Selenium with python</msg>
<status status="PASS" starttime="20210916 16:05:28.024" endtime="20210916 16:05:28.035"/>
</kw>
<kw name="Should Be Equal" library="BuiltIn">
<arg>${SEARCH STRING}</arg>
<arg>${ACTUAL_SEARCH}</arg>
<doc>Fails if the given objects are unequal.</doc>
<status status="PASS" starttime="20210916 16:05:28.035" endtime="20210916 16:05:28.035"/>
</kw>
<kw name="Close Browser" library="SeleniumLibrary" type="TEARDOWN">
<doc>Closes the current browser.</doc>
<status status="PASS" starttime="20210916 16:05:28.036" endtime="20210916 16:05:30.147"/>
</kw>
<status status="PASS" starttime="20210916 16:05:22.553" endtime="20210916 16:05:30.147"/>
</test>
<test id="s1-t2" name="Open Gmail">
<kw name="Setup Browser" type="SETUP">
<kw name="Create Webdriver" library="SeleniumLibrary">
<arg>Chrome</arg>
<arg>executable_path=./chromedriver.exe</arg>
<doc>Creates an instance of Selenium WebDriver.</doc>
<msg timestamp="20210916 16:05:30.150" level="INFO">Creating an instance of the Chrome WebDriver.</msg>
<status status="PASS" starttime="20210916 16:05:30.150" endtime="20210916 16:05:31.317"/>
</kw>
<kw name="Go To" library="SeleniumLibrary">
<arg>${APP URL}</arg>
<doc>Navigates the current browser window to the provided ``url``.</doc>
<msg timestamp="20210916 16:05:31.317" level="INFO">Opening url 'https://google.com'</msg>
<status status="PASS" starttime="20210916 16:05:31.317" endtime="20210916 16:05:33.902"/>
</kw>
<kw name="Maximize Browser Window" library="SeleniumLibrary">
<doc>Maximizes current browser window.</doc>
<status status="PASS" starttime="20210916 16:05:33.902" endtime="20210916 16:05:34.019"/>
</kw>
<status status="PASS" starttime="20210916 16:05:30.150" endtime="20210916 16:05:34.020"/>
</kw>
<kw name="Click Link" library="SeleniumLibrary">
<arg>xpath://a[text()='Gmail']</arg>
<doc>Clicks a link identified by ``locator``.</doc>
<msg timestamp="20210916 16:05:34.020" level="INFO">Clicking link 'xpath://a[text()='Gmail']'.</msg>
<status status="PASS" starttime="20210916 16:05:34.020" endtime="20210916 16:05:36.020"/>
</kw>
<kw name="Get Title" library="SeleniumLibrary">
<var>${TITLE}</var>
<doc>Returns the title of the current page.</doc>
<msg timestamp="20210916 16:05:36.025" level="INFO">${TITLE} = Gmail: Free, Private &amp; Secure Email | Google Workspace</msg>
<status status="PASS" starttime="20210916 16:05:36.020" endtime="20210916 16:05:36.025"/>
</kw>
<kw name="Should Contain" library="BuiltIn">
<arg>${TITLE}</arg>
<arg>Gmail</arg>
<doc>Fails if ``container`` does not contain ``item`` one or more times.</doc>
<status status="PASS" starttime="20210916 16:05:36.026" endtime="20210916 16:05:36.026"/>
</kw>
<kw name="Close Browser" library="SeleniumLibrary" type="TEARDOWN">
<doc>Closes the current browser.</doc>
<status status="PASS" starttime="20210916 16:05:36.027" endtime="20210916 16:05:38.157"/>
</kw>
<status status="PASS" starttime="20210916 16:05:30.149" endtime="20210916 16:05:38.157"/>
</test>
<status status="PASS" starttime="20210916 16:05:22.358" endtime="20210916 16:05:38.159"/>
</suite>
<statistics>
<total>
<stat pass="2" fail="0" skip="0">All Tests</stat>
</total>
<tag>
</tag>
<suite>
<stat pass="2" fail="0" skip="0" id="s1" name="Sampletest">Sampletest</stat>
</suite>
</statistics>
<errors>
</errors>
</robot>
